Using pre-set license
Built from '2020.3/release' branch; Version is '2020.3.7f1 (dd97f2c94397) revision 14522354'; Using compiler version '192528614'; Build Type 'Release'
OS: 'Windows 10 Home; OS build 22000.176; Version 2009; 64bit' Language: 'fr' Physical Memory: 16262 MB
BatchMode: 1, IsHumanControllingUs: 0, StartBugReporterOnCrash: 0, Is64bit: 1, IsPro: 0

 COMMAND LINE ARGUMENTS:
C:\Program Files\Unity\Hub\Editor\2020.3.7f1\Editor\Unity.exe
-adb2
-batchMode
-noUpm
-name
AssetImportWorker0
-projectPath
C:/Users/alexa/Documents/4-Personnel/4.8-Game/Create With Code/Data-Persistence-Project
-logFile
Logs/AssetImportWorker0.log
-srvPort
50772
Successfully changed project path to: C:/Users/alexa/Documents/4-Personnel/4.8-Game/Create With Code/Data-Persistence-Project
C:/Users/alexa/Documents/4-Personnel/4.8-Game/Create With Code/Data-Persistence-Project
Using Asset Import Pipeline V2.
Refreshing native plugins compatible for Editor in 49.67 ms, found 0 plugins.
Preloading 0 native plugins for Editor in 0.00 ms.
Initialize engine version: 2020.3.7f1 (dd97f2c94397)
[Subsystems] Discovering subsystems at path C:/Program Files/Unity/Hub/Editor/2020.3.7f1/Editor/Data/Resources/UnitySubsystems
[Subsystems] Discovering subsystems at path C:/Users/alexa/Documents/4-Personnel/4.8-Game/Create With Code/Data-Persistence-Project/Assets
GfxDevice: creating device client; threaded=0
Direct3D:
    Version:  Direct3D 11.0 [level 11.1]
    Renderer: NVIDIA GeForce RTX 2060 (ID=0x1f11)
    Vendor:   
    VRAM:     5980 MB
    Driver:   30.0.14.7175
Shader 'Universal Render Pipeline/Particles/Lit': fallback shader 'Universal Render Pipeline/Particles/SimpleLit' not found
Initialize mono
Mono path[0] = 'C:/Program Files/Unity/Hub/Editor/2020.3.7f1/Editor/Data/Managed'
Mono path[1] = 'C:/Program Files/Unity/Hub/Editor/2020.3.7f1/Editor/Data/MonoBleedingEdge/lib/mono/unityjit'
Mono config path = 'C:/Program Files/Unity/Hub/Editor/2020.3.7f1/Editor/Data/MonoBleedingEdge/etc'
Using monoOptions --debugger-agent=transport=dt_socket,embedding=1,server=y,suspend=n,address=127.0.0.1:56392
Begin MonoManager ReloadAssembly
Registering precompiled unity dll's ...
Register platform support module: C:/Program Files/Unity/Hub/Editor/2020.3.7f1/Editor/Data/PlaybackEngines/WebGLSupport/UnityEditor.WebGL.Extensions.dll
Register platform support module: C:/Program Files/Unity/Hub/Editor/2020.3.7f1/Editor/Data/PlaybackEngines/WindowsStandaloneSupport/UnityEditor.WindowsStandalone.Extensions.dll
Registered in 0.001886 seconds.
Native extension for WindowsStandalone target not found
Native extension for WebGL target not found
Refreshing native plugins compatible for Editor in 48.43 ms, found 0 plugins.
Preloading 0 native plugins for Editor in 0.00 ms.
Mono: successfully reloaded assembly
- Completed reload, in  1.300 seconds
Platform modules already initialized, skipping
Registering precompiled user dll's ...
Registered in 0.001081 seconds.
Begin MonoManager ReloadAssembly
Native extension for WindowsStandalone target not found
Native extension for WebGL target not found
Refreshing native plugins compatible for Editor in 56.35 ms, found 0 plugins.
Preloading 0 native plugins for Editor in 0.00 ms.
Mono: successfully reloaded assembly
- Completed reload, in  1.171 seconds
Platform modules already initialized, skipping
========================================================================
Worker process is ready to serve import requests
Shader 'Universal Render Pipeline/Particles/Lit': fallback shader 'Universal Render Pipeline/Particles/SimpleLit' not found
Launched and connected shader compiler UnityShaderCompiler.exe after 0.05 seconds
Refreshing native plugins compatible for Editor in 0.40 ms, found 0 plugins.
Preloading 0 native plugins for Editor in 0.00 ms.
Unloading 2422 Unused Serialized files (Serialized files now loaded: 0)
System memory in use before: 114.3 MB.
System memory in use after: 114.5 MB.

Unloading 10 unused Assets to reduce memory usage. Loaded Objects now: 2863.
Total: 2.323000 ms (FindLiveObjects: 0.400200 ms CreateObjectMapping: 0.157200 ms MarkObjects: 1.707500 ms  DeleteObjects: 0.057000 ms)

========================================================================
Received Import Request.
  path: Assets/Bounce.physicMaterial
  artifactKey: Guid(bc24b7fc41d5dfb4698e2ca16a37dfad) Importer(815301076,1909f56bfc062723c751e8b465ee728b)
Start importing Assets/Bounce.physicMaterial using Guid(bc24b7fc41d5dfb4698e2ca16a37dfad) Importer(815301076,1909f56bfc062723c751e8b465ee728b)  -> (artifact id: 'e011b0fd221a2873da7883cb90621536') in 0.028881 seconds
  Import took 0.032296 seconds .

========================================================================
Received Import Request.
  Time since last request: 477.997095 seconds.
  path: Assets/Scenes
  artifactKey: Guid(b3d8a22b2eaae1048a5db3be5ce09cb2) Importer(815301076,1909f56bfc062723c751e8b465ee728b)
Start importing Assets/Scenes using Guid(b3d8a22b2eaae1048a5db3be5ce09cb2) Importer(815301076,1909f56bfc062723c751e8b465ee728b)  -> (artifact id: 'c2436d515bf46b218cc8ff835d26ba5b') in 0.008500 seconds
  Import took 0.012528 seconds .

========================================================================
Received Import Request.
  Time since last request: 0.002560 seconds.
  path: Assets/Scenes
  artifactKey: Guid(b3d8a22b2eaae1048a5db3be5ce09cb2) Importer(815301076,1909f56bfc062723c751e8b465ee728b)
Start importing Assets/Scenes using Guid(b3d8a22b2eaae1048a5db3be5ce09cb2) Importer(815301076,1909f56bfc062723c751e8b465ee728b)  -> (artifact id: 'c2436d515bf46b218cc8ff835d26ba5b') in 0.003760 seconds
  Import took 0.007208 seconds .

========================================================================
Received Import Request.
  Time since last request: 0.793731 seconds.
  path: Assets/Scenes/main.unity
  artifactKey: Guid(78a510c781f19db4da14f78ebb30946a) Importer(815301076,1909f56bfc062723c751e8b465ee728b)
Start importing Assets/Scenes/main.unity using Guid(78a510c781f19db4da14f78ebb30946a) Importer(815301076,1909f56bfc062723c751e8b465ee728b)  -> (artifact id: '307897d572d1294bacce094e45c1f3f0') in 0.012076 seconds
  Import took 0.015482 seconds .

========================================================================
Received Prepare
Registering precompiled user dll's ...
Registered in 0.001270 seconds.
Begin MonoManager ReloadAssembly
Native extension for WindowsStandalone target not found
Native extension for WebGL target not found
Refreshing native plugins compatible for Editor in 0.44 ms, found 0 plugins.
Preloading 0 native plugins for Editor in 0.00 ms.
Mono: successfully reloaded assembly
- Completed reload, in  1.083 seconds
Platform modules already initialized, skipping
Shader 'Universal Render Pipeline/Particles/Lit': fallback shader 'Universal Render Pipeline/Particles/SimpleLit' not found
Refreshing native plugins compatible for Editor in 0.42 ms, found 0 plugins.
Preloading 0 native plugins for Editor in 0.00 ms.
Unloading 2313 Unused Serialized files (Serialized files now loaded: 0)
System memory in use before: 107.3 MB.
System memory in use after: 107.5 MB.

Unloading 5 unused Assets to reduce memory usage. Loaded Objects now: 2866.
Total: 2.383300 ms (FindLiveObjects: 0.285200 ms CreateObjectMapping: 0.133900 ms MarkObjects: 1.940600 ms  DeleteObjects: 0.022300 ms)

========================================================================
Received Import Request.
  Time since last request: 93.613219 seconds.
  path: Assets/Scripts
  artifactKey: Guid(02a3527b6b33a924e8ec66aa805ea717) Importer(815301076,1909f56bfc062723c751e8b465ee728b)
Start importing Assets/Scripts using Guid(02a3527b6b33a924e8ec66aa805ea717) Importer(815301076,1909f56bfc062723c751e8b465ee728b)  -> (artifact id: 'b344c0b82b8aa901179a7864745fc067') in 0.010965 seconds
  Import took 0.014853 seconds .

========================================================================
Received Import Request.
  Time since last request: 8.528457 seconds.
  path: Assets/Scenes/menu.unity
  artifactKey: Guid(5de3c8b75d8e65d4992d9e43cad4b489) Importer(815301076,1909f56bfc062723c751e8b465ee728b)
Start importing Assets/Scenes/menu.unity using Guid(5de3c8b75d8e65d4992d9e43cad4b489) Importer(815301076,1909f56bfc062723c751e8b465ee728b)  -> (artifact id: '1ebddb132e53d760c1c434e59743a3cc') in 0.019534 seconds
  Import took 0.023595 seconds .

========================================================================
Received Import Request.
  Time since last request: 192.288286 seconds.
  path: Assets/Scripts/MainManager.cs
  artifactKey: Guid(d110623a642692246a42fbc2d8d89884) Importer(815301076,1909f56bfc062723c751e8b465ee728b)
Start importing Assets/Scripts/MainManager.cs using Guid(d110623a642692246a42fbc2d8d89884) Importer(815301076,1909f56bfc062723c751e8b465ee728b)  -> (artifact id: 'c840ff90a468c841c11efe49801efa9b') in 0.011999 seconds
  Import took 0.015598 seconds .

========================================================================
Received Import Request.
  Time since last request: 0.000554 seconds.
  path: Assets/Scripts/MainManager.cs
  artifactKey: Guid(d110623a642692246a42fbc2d8d89884) Importer(815301076,1909f56bfc062723c751e8b465ee728b)
Start importing Assets/Scripts/MainManager.cs using Guid(d110623a642692246a42fbc2d8d89884) Importer(815301076,1909f56bfc062723c751e8b465ee728b)  -> (artifact id: 'c840ff90a468c841c11efe49801efa9b') in 0.003674 seconds
  Import took 0.009109 seconds .

========================================================================
Received Import Request.
  Time since last request: 105.064390 seconds.
  path: Assets/Scripts/GameManager.cs
  artifactKey: Guid(86f6bf4926071f14eab7c23163b7dca5) Importer(815301076,1909f56bfc062723c751e8b465ee728b)
Start importing Assets/Scripts/GameManager.cs using Guid(86f6bf4926071f14eab7c23163b7dca5) Importer(815301076,1909f56bfc062723c751e8b465ee728b)  -> (artifact id: '81014c5fe06c370a6a417ca51290ebee') in 0.008795 seconds
  Import took 0.013079 seconds .

========================================================================
Received Prepare
Registering precompiled user dll's ...
Registered in 0.000993 seconds.
Begin MonoManager ReloadAssembly
Native extension for WindowsStandalone target not found
Native extension for WebGL target not found
Refreshing native plugins compatible for Editor in 0.38 ms, found 0 plugins.
Preloading 0 native plugins for Editor in 0.00 ms.
Mono: successfully reloaded assembly
- Completed reload, in  0.851 seconds
Platform modules already initialized, skipping
Shader 'Universal Render Pipeline/Particles/Lit': fallback shader 'Universal Render Pipeline/Particles/SimpleLit' not found
Refreshing native plugins compatible for Editor in 0.34 ms, found 0 plugins.
Preloading 0 native plugins for Editor in 0.00 ms.
Unloading 2314 Unused Serialized files (Serialized files now loaded: 0)
System memory in use before: 107.4 MB.
System memory in use after: 107.6 MB.

Unloading 5 unused Assets to reduce memory usage. Loaded Objects now: 2870.
Total: 1.978100 ms (FindLiveObjects: 0.216700 ms CreateObjectMapping: 0.101900 ms MarkObjects: 1.645600 ms  DeleteObjects: 0.012900 ms)

========================================================================
Received Import Request.
  Time since last request: 44.353425 seconds.
  path: Assets/Scripts/GameManager.cs
  artifactKey: Guid(86f6bf4926071f14eab7c23163b7dca5) Importer(815301076,1909f56bfc062723c751e8b465ee728b)
Start importing Assets/Scripts/GameManager.cs using Guid(86f6bf4926071f14eab7c23163b7dca5) Importer(815301076,1909f56bfc062723c751e8b465ee728b)  -> (artifact id: '9947abb5d93e748116c96050977c3959') in 0.006914 seconds
  Import took 0.011260 seconds .

========================================================================
Received Import Request.
  Time since last request: 2.501526 seconds.
  path: Assets/Scripts/GameManager.cs
  artifactKey: Guid(86f6bf4926071f14eab7c23163b7dca5) Importer(815301076,1909f56bfc062723c751e8b465ee728b)
Start importing Assets/Scripts/GameManager.cs using Guid(86f6bf4926071f14eab7c23163b7dca5) Importer(815301076,1909f56bfc062723c751e8b465ee728b)  -> (artifact id: 'ca9c110b3954bb9d31fecd9adf737dde') in 0.003881 seconds
  Import took 0.007482 seconds .

========================================================================
Received Import Request.
  Time since last request: 0.001247 seconds.
  path: Assets/Scripts/GameManager.cs
  artifactKey: Guid(86f6bf4926071f14eab7c23163b7dca5) Importer(815301076,1909f56bfc062723c751e8b465ee728b)
Start importing Assets/Scripts/GameManager.cs using Guid(86f6bf4926071f14eab7c23163b7dca5) Importer(815301076,1909f56bfc062723c751e8b465ee728b)  -> (artifact id: 'ca9c110b3954bb9d31fecd9adf737dde') in 0.003232 seconds
  Import took 0.012935 seconds .

========================================================================
Received Import Request.
  Time since last request: 0.812417 seconds.
  path: Assets/Scripts/GameManager.cs
  artifactKey: Guid(86f6bf4926071f14eab7c23163b7dca5) Importer(815301076,1909f56bfc062723c751e8b465ee728b)
Start importing Assets/Scripts/GameManager.cs using Guid(86f6bf4926071f14eab7c23163b7dca5) Importer(815301076,1909f56bfc062723c751e8b465ee728b)  -> (artifact id: '639e9c6566854bb50c71defd30c75669') in 0.002847 seconds
  Import took 0.006445 seconds .

========================================================================
Received Import Request.
  Time since last request: 11.028366 seconds.
  path: Assets/Scripts/GameManager.cs
  artifactKey: Guid(86f6bf4926071f14eab7c23163b7dca5) Importer(815301076,1909f56bfc062723c751e8b465ee728b)
Start importing Assets/Scripts/GameManager.cs using Guid(86f6bf4926071f14eab7c23163b7dca5) Importer(815301076,1909f56bfc062723c751e8b465ee728b)  -> (artifact id: '7dfda033645ff4926e0d07c340fce5a0') in 0.002844 seconds
  Import took 0.006431 seconds .

========================================================================
Received Import Request.
  Time since last request: 0.001063 seconds.
  path: Assets/Scripts/GameManager.cs
  artifactKey: Guid(86f6bf4926071f14eab7c23163b7dca5) Importer(815301076,1909f56bfc062723c751e8b465ee728b)
Start importing Assets/Scripts/GameManager.cs using Guid(86f6bf4926071f14eab7c23163b7dca5) Importer(815301076,1909f56bfc062723c751e8b465ee728b)  -> (artifact id: '7dfda033645ff4926e0d07c340fce5a0') in 0.002894 seconds
  Import took 0.006220 seconds .

========================================================================
Received Import Request.
  Time since last request: 5.659052 seconds.
  path: Assets/Scripts/GameManager.cs
  artifactKey: Guid(86f6bf4926071f14eab7c23163b7dca5) Importer(815301076,1909f56bfc062723c751e8b465ee728b)
Start importing Assets/Scripts/GameManager.cs using Guid(86f6bf4926071f14eab7c23163b7dca5) Importer(815301076,1909f56bfc062723c751e8b465ee728b)  -> (artifact id: '47cb333e3361c6eb8529c51cbc4f2d2c') in 0.002881 seconds
  Import took 0.006530 seconds .

========================================================================
Received Prepare
Registering precompiled user dll's ...
Registered in 0.000992 seconds.
Begin MonoManager ReloadAssembly
Native extension for WindowsStandalone target not found
Native extension for WebGL target not found
Refreshing native plugins compatible for Editor in 0.36 ms, found 0 plugins.
Preloading 0 native plugins for Editor in 0.00 ms.
Mono: successfully reloaded assembly
- Completed reload, in  0.834 seconds
Platform modules already initialized, skipping
Shader 'Universal Render Pipeline/Particles/Lit': fallback shader 'Universal Render Pipeline/Particles/SimpleLit' not found
Refreshing native plugins compatible for Editor in 0.42 ms, found 0 plugins.
Preloading 0 native plugins for Editor in 0.00 ms.
Unloading 2314 Unused Serialized files (Serialized files now loaded: 0)
System memory in use before: 107.4 MB.
System memory in use after: 107.6 MB.

Unloading 5 unused Assets to reduce memory usage. Loaded Objects now: 2873.
Total: 1.831000 ms (FindLiveObjects: 0.229000 ms CreateObjectMapping: 0.110600 ms MarkObjects: 1.475900 ms  DeleteObjects: 0.014100 ms)

========================================================================
Received Import Request.
  Time since last request: 18.443948 seconds.
  path: Assets/Scripts/GameManager.cs
  artifactKey: Guid(86f6bf4926071f14eab7c23163b7dca5) Importer(815301076,1909f56bfc062723c751e8b465ee728b)
Start importing Assets/Scripts/GameManager.cs using Guid(86f6bf4926071f14eab7c23163b7dca5) Importer(815301076,1909f56bfc062723c751e8b465ee728b)  -> (artifact id: '7689ff9f400705bae40ae3e17f60389c') in 0.007194 seconds
  Import took 0.012002 seconds .

========================================================================
Received Prepare
Registering precompiled user dll's ...
Registered in 0.000945 seconds.
Begin MonoManager ReloadAssembly
Native extension for WindowsStandalone target not found
Native extension for WebGL target not found
Refreshing native plugins compatible for Editor in 0.38 ms, found 0 plugins.
Preloading 0 native plugins for Editor in 0.00 ms.
Mono: successfully reloaded assembly
- Completed reload, in  0.818 seconds
Platform modules already initialized, skipping
Shader 'Universal Render Pipeline/Particles/Lit': fallback shader 'Universal Render Pipeline/Particles/SimpleLit' not found
Refreshing native plugins compatible for Editor in 0.35 ms, found 0 plugins.
Preloading 0 native plugins for Editor in 0.00 ms.
Unloading 2314 Unused Serialized files (Serialized files now loaded: 0)
System memory in use before: 107.4 MB.
System memory in use after: 107.7 MB.

Unloading 5 unused Assets to reduce memory usage. Loaded Objects now: 2876.
Total: 2.134600 ms (FindLiveObjects: 0.269800 ms CreateObjectMapping: 0.109500 ms MarkObjects: 1.740600 ms  DeleteObjects: 0.013800 ms)

========================================================================
Received Import Request.
  Time since last request: 6.623080 seconds.
  path: Assets/Scripts/GameManager.cs
  artifactKey: Guid(86f6bf4926071f14eab7c23163b7dca5) Importer(815301076,1909f56bfc062723c751e8b465ee728b)
Start importing Assets/Scripts/GameManager.cs using Guid(86f6bf4926071f14eab7c23163b7dca5) Importer(815301076,1909f56bfc062723c751e8b465ee728b)  -> (artifact id: 'ba5c94b87f13cf2704072d28dfdbb0e1') in 0.005814 seconds
  Import took 0.009421 seconds .

========================================================================
Received Import Request.
  Time since last request: 0.078553 seconds.
  path: Assets/Scripts/GameManager.cs
  artifactKey: Guid(86f6bf4926071f14eab7c23163b7dca5) Importer(815301076,1909f56bfc062723c751e8b465ee728b)
Start importing Assets/Scripts/GameManager.cs using Guid(86f6bf4926071f14eab7c23163b7dca5) Importer(815301076,1909f56bfc062723c751e8b465ee728b)  -> (artifact id: 'ba5c94b87f13cf2704072d28dfdbb0e1') in 0.003015 seconds
  Import took 0.007725 seconds .

========================================================================
Received Prepare
Registering precompiled user dll's ...
Registered in 0.001017 seconds.
Begin MonoManager ReloadAssembly
Native extension for WindowsStandalone target not found
Native extension for WebGL target not found
Refreshing native plugins compatible for Editor in 0.37 ms, found 0 plugins.
Preloading 0 native plugins for Editor in 0.00 ms.
Mono: successfully reloaded assembly
- Completed reload, in  0.891 seconds
Platform modules already initialized, skipping
Shader 'Universal Render Pipeline/Particles/Lit': fallback shader 'Universal Render Pipeline/Particles/SimpleLit' not found
Refreshing native plugins compatible for Editor in 0.35 ms, found 0 plugins.
Preloading 0 native plugins for Editor in 0.00 ms.
Unloading 2314 Unused Serialized files (Serialized files now loaded: 0)
System memory in use before: 107.4 MB.
System memory in use after: 107.6 MB.

Unloading 5 unused Assets to reduce memory usage. Loaded Objects now: 2879.
Total: 2.364900 ms (FindLiveObjects: 0.287100 ms CreateObjectMapping: 0.129000 ms MarkObjects: 1.933200 ms  DeleteObjects: 0.014500 ms)

========================================================================
Received Import Request.
  Time since last request: 6.297351 seconds.
  path: Assets/Scripts/GameManager.cs
  artifactKey: Guid(86f6bf4926071f14eab7c23163b7dca5) Importer(815301076,1909f56bfc062723c751e8b465ee728b)
Start importing Assets/Scripts/GameManager.cs using Guid(86f6bf4926071f14eab7c23163b7dca5) Importer(815301076,1909f56bfc062723c751e8b465ee728b)  -> (artifact id: '3642931c3768c44d361095d6ed9f373d') in 0.005532 seconds
  Import took 0.008907 seconds .

========================================================================
Received Import Request.
  Time since last request: 21.971458 seconds.
  path: Assets/Scripts/GameManager.cs
  artifactKey: Guid(86f6bf4926071f14eab7c23163b7dca5) Importer(815301076,1909f56bfc062723c751e8b465ee728b)
Start importing Assets/Scripts/GameManager.cs using Guid(86f6bf4926071f14eab7c23163b7dca5) Importer(815301076,1909f56bfc062723c751e8b465ee728b)  -> (artifact id: '640371d25be35516030d00806f055abf') in 0.002900 seconds
  Import took 0.006532 seconds .

========================================================================
Received Import Request.
  Time since last request: 0.000468 seconds.
  path: Assets/Scripts/GameManager.cs
  artifactKey: Guid(86f6bf4926071f14eab7c23163b7dca5) Importer(815301076,1909f56bfc062723c751e8b465ee728b)
Start importing Assets/Scripts/GameManager.cs using Guid(86f6bf4926071f14eab7c23163b7dca5) Importer(815301076,1909f56bfc062723c751e8b465ee728b)  -> (artifact id: '640371d25be35516030d00806f055abf') in 0.002488 seconds
  Import took 0.005862 seconds .

========================================================================
Received Import Request.
  Time since last request: 32.074076 seconds.
  path: Assets/Scripts/GameManager.cs
  artifactKey: Guid(86f6bf4926071f14eab7c23163b7dca5) Importer(815301076,1909f56bfc062723c751e8b465ee728b)
Start importing Assets/Scripts/GameManager.cs using Guid(86f6bf4926071f14eab7c23163b7dca5) Importer(815301076,1909f56bfc062723c751e8b465ee728b)  -> (artifact id: '6fde2d958191cc6928c7f89b4aa8d4b4') in 0.003639 seconds
  Import took 0.006927 seconds .

========================================================================
Received Import Request.
  Time since last request: 26.616500 seconds.
  path: Assets/Scripts/GameManager.cs
  artifactKey: Guid(86f6bf4926071f14eab7c23163b7dca5) Importer(815301076,1909f56bfc062723c751e8b465ee728b)
Start importing Assets/Scripts/GameManager.cs using Guid(86f6bf4926071f14eab7c23163b7dca5) Importer(815301076,1909f56bfc062723c751e8b465ee728b)  -> (artifact id: '2df1e910428a30887065537a4429d917') in 0.002763 seconds
  Import took 0.006104 seconds .

========================================================================
Received Import Request.
  Time since last request: 13.671164 seconds.
  path: Assets/Scripts/GameManager.cs
  artifactKey: Guid(86f6bf4926071f14eab7c23163b7dca5) Importer(815301076,1909f56bfc062723c751e8b465ee728b)
Start importing Assets/Scripts/GameManager.cs using Guid(86f6bf4926071f14eab7c23163b7dca5) Importer(815301076,1909f56bfc062723c751e8b465ee728b)  -> (artifact id: '015846ad2d96506fb3d8429d1d0c551b') in 0.003465 seconds
  Import took 0.007092 seconds .

========================================================================
Received Import Request.
  Time since last request: 0.002152 seconds.
  path: Assets/Scripts/GameManager.cs
  artifactKey: Guid(86f6bf4926071f14eab7c23163b7dca5) Importer(815301076,1909f56bfc062723c751e8b465ee728b)
Start importing Assets/Scripts/GameManager.cs using Guid(86f6bf4926071f14eab7c23163b7dca5) Importer(815301076,1909f56bfc062723c751e8b465ee728b)  -> (artifact id: '015846ad2d96506fb3d8429d1d0c551b') in 0.003996 seconds
  Import took 0.007343 seconds .

========================================================================
Received Import Request.
  Time since last request: 15.982271 seconds.
  path: Assets/Scripts/GameManager.cs
  artifactKey: Guid(86f6bf4926071f14eab7c23163b7dca5) Importer(815301076,1909f56bfc062723c751e8b465ee728b)
Start importing Assets/Scripts/GameManager.cs using Guid(86f6bf4926071f14eab7c23163b7dca5) Importer(815301076,1909f56bfc062723c751e8b465ee728b)  -> (artifact id: '70cd2815a5a2f61ba385c898d35f1024') in 0.003874 seconds
  Import took 0.007175 seconds .

========================================================================
Received Import Request.
  Time since last request: 206.511580 seconds.
  path: Assets/Scripts/GameManager.cs
  artifactKey: Guid(86f6bf4926071f14eab7c23163b7dca5) Importer(815301076,1909f56bfc062723c751e8b465ee728b)
Start importing Assets/Scripts/GameManager.cs using Guid(86f6bf4926071f14eab7c23163b7dca5) Importer(815301076,1909f56bfc062723c751e8b465ee728b)  -> (artifact id: 'b581d4e5d596988e4df9bb63e880256f') in 0.004015 seconds
  Import took 0.008077 seconds .

========================================================================
Received Import Request.
  Time since last request: 0.030004 seconds.
  path: Assets/Scripts/GameManager.cs
  artifactKey: Guid(86f6bf4926071f14eab7c23163b7dca5) Importer(815301076,1909f56bfc062723c751e8b465ee728b)
Start importing Assets/Scripts/GameManager.cs using Guid(86f6bf4926071f14eab7c23163b7dca5) Importer(815301076,1909f56bfc062723c751e8b465ee728b)  -> (artifact id: 'b581d4e5d596988e4df9bb63e880256f') in 0.003576 seconds
  Import took 0.008124 seconds .

========================================================================
Received Import Request.
  Time since last request: 6.675666 seconds.
  path: Assets/Scripts/GameManager.cs
  artifactKey: Guid(86f6bf4926071f14eab7c23163b7dca5) Importer(815301076,1909f56bfc062723c751e8b465ee728b)
Start importing Assets/Scripts/GameManager.cs using Guid(86f6bf4926071f14eab7c23163b7dca5) Importer(815301076,1909f56bfc062723c751e8b465ee728b)  -> (artifact id: '68a1239af9772d21c71dea03deaef0fe') in 0.003128 seconds
  Import took 0.006634 seconds .

========================================================================
Received Import Request.
  Time since last request: 16.929866 seconds.
  path: Assets/Scripts/GameManager.cs
  artifactKey: Guid(86f6bf4926071f14eab7c23163b7dca5) Importer(815301076,1909f56bfc062723c751e8b465ee728b)
Start importing Assets/Scripts/GameManager.cs using Guid(86f6bf4926071f14eab7c23163b7dca5) Importer(815301076,1909f56bfc062723c751e8b465ee728b)  -> (artifact id: '5dc92928b30c31a473cb0068c4cfd29f') in 0.003115 seconds
  Import took 0.006974 seconds .

========================================================================
Received Import Request.
  Time since last request: 8.166797 seconds.
  path: Assets/Scripts/GameManager.cs
  artifactKey: Guid(86f6bf4926071f14eab7c23163b7dca5) Importer(815301076,1909f56bfc062723c751e8b465ee728b)
Start importing Assets/Scripts/GameManager.cs using Guid(86f6bf4926071f14eab7c23163b7dca5) Importer(815301076,1909f56bfc062723c751e8b465ee728b)  -> (artifact id: '62e22d3679d6091238501267d996ad3a') in 0.002840 seconds
  Import took 0.006146 seconds .

========================================================================
Received Import Request.
  Time since last request: 6.168244 seconds.
  path: Assets/Scripts/GameManager.cs
  artifactKey: Guid(86f6bf4926071f14eab7c23163b7dca5) Importer(815301076,1909f56bfc062723c751e8b465ee728b)
Start importing Assets/Scripts/GameManager.cs using Guid(86f6bf4926071f14eab7c23163b7dca5) Importer(815301076,1909f56bfc062723c751e8b465ee728b)  -> (artifact id: '9bd26840481b3ff19955345c3e6a5e9e') in 0.002992 seconds
  Import took 0.006463 seconds .

========================================================================
Received Import Request.
  Time since last request: 31.385476 seconds.
  path: Assets/Scripts/GameManager.cs
  artifactKey: Guid(86f6bf4926071f14eab7c23163b7dca5) Importer(815301076,1909f56bfc062723c751e8b465ee728b)
Start importing Assets/Scripts/GameManager.cs using Guid(86f6bf4926071f14eab7c23163b7dca5) Importer(815301076,1909f56bfc062723c751e8b465ee728b)  -> (artifact id: '7c8ddcfa8f5e6598cffafb9ef545762f') in 0.002921 seconds
  Import took 0.006725 seconds .

========================================================================
Received Import Request.
  Time since last request: 0.042440 seconds.
  path: Assets/Scripts/GameManager.cs
  artifactKey: Guid(86f6bf4926071f14eab7c23163b7dca5) Importer(815301076,1909f56bfc062723c751e8b465ee728b)
Start importing Assets/Scripts/GameManager.cs using Guid(86f6bf4926071f14eab7c23163b7dca5) Importer(815301076,1909f56bfc062723c751e8b465ee728b)  -> (artifact id: '7c8ddcfa8f5e6598cffafb9ef545762f') in 0.002696 seconds
  Import took 0.006614 seconds .

========================================================================
Received Import Request.
  Time since last request: 60.909795 seconds.
  path: Assets/Scripts/GameManager.cs
  artifactKey: Guid(86f6bf4926071f14eab7c23163b7dca5) Importer(815301076,1909f56bfc062723c751e8b465ee728b)
Start importing Assets/Scripts/GameManager.cs using Guid(86f6bf4926071f14eab7c23163b7dca5) Importer(815301076,1909f56bfc062723c751e8b465ee728b)  -> (artifact id: 'ea932ae62542c32f1da7f00f16bb1827') in 0.003779 seconds
  Import took 0.008229 seconds .

========================================================================
Received Import Request.
  Time since last request: 19.834180 seconds.
  path: Assets/Scripts/GameManager.cs
  artifactKey: Guid(86f6bf4926071f14eab7c23163b7dca5) Importer(815301076,1909f56bfc062723c751e8b465ee728b)
Start importing Assets/Scripts/GameManager.cs using Guid(86f6bf4926071f14eab7c23163b7dca5) Importer(815301076,1909f56bfc062723c751e8b465ee728b)  -> (artifact id: '6cdced2c9fd69d461190c840c515285b') in 0.002937 seconds
  Import took 0.006338 seconds .

========================================================================
Received Import Request.
  Time since last request: 14.975636 seconds.
  path: Assets/Scripts/GameManager.cs
  artifactKey: Guid(86f6bf4926071f14eab7c23163b7dca5) Importer(815301076,1909f56bfc062723c751e8b465ee728b)
Start importing Assets/Scripts/GameManager.cs using Guid(86f6bf4926071f14eab7c23163b7dca5) Importer(815301076,1909f56bfc062723c751e8b465ee728b)  -> (artifact id: '614761dcb0f698f180e2803ad4575718') in 0.003508 seconds
  Import took 0.006894 seconds .

========================================================================
Received Prepare
Registering precompiled user dll's ...
Registered in 0.001140 seconds.
Begin MonoManager ReloadAssembly
Native extension for WindowsStandalone target not found
Native extension for WebGL target not found
Refreshing native plugins compatible for Editor in 0.35 ms, found 0 plugins.
Preloading 0 native plugins for Editor in 0.00 ms.
Mono: successfully reloaded assembly
- Completed reload, in  0.821 seconds
Platform modules already initialized, skipping
Shader 'Universal Render Pipeline/Particles/Lit': fallback shader 'Universal Render Pipeline/Particles/SimpleLit' not found
Refreshing native plugins compatible for Editor in 0.35 ms, found 0 plugins.
Preloading 0 native plugins for Editor in 0.00 ms.
Unloading 2314 Unused Serialized files (Serialized files now loaded: 0)
System memory in use before: 107.5 MB.
System memory in use after: 107.7 MB.

Unloading 5 unused Assets to reduce memory usage. Loaded Objects now: 2882.
Total: 2.723400 ms (FindLiveObjects: 0.595200 ms CreateObjectMapping: 0.205200 ms MarkObjects: 1.900400 ms  DeleteObjects: 0.019900 ms)

========================================================================
Received Import Request.
  Time since last request: 27.503487 seconds.
  path: Assets/Scripts/GameManager.cs
  artifactKey: Guid(86f6bf4926071f14eab7c23163b7dca5) Importer(815301076,1909f56bfc062723c751e8b465ee728b)
Start importing Assets/Scripts/GameManager.cs using Guid(86f6bf4926071f14eab7c23163b7dca5) Importer(815301076,1909f56bfc062723c751e8b465ee728b)  -> (artifact id: 'e78fb8d46103464f059b2014f2e5e6e6') in 0.005402 seconds
  Import took 0.008905 seconds .

========================================================================
Received Import Request.
  Time since last request: 0.079879 seconds.
  path: Assets/Scripts/GameManager.cs
  artifactKey: Guid(86f6bf4926071f14eab7c23163b7dca5) Importer(815301076,1909f56bfc062723c751e8b465ee728b)
Start importing Assets/Scripts/GameManager.cs using Guid(86f6bf4926071f14eab7c23163b7dca5) Importer(815301076,1909f56bfc062723c751e8b465ee728b)  -> (artifact id: 'e78fb8d46103464f059b2014f2e5e6e6') in 0.002744 seconds
  Import took 0.006327 seconds .

========================================================================
Received Prepare
Registering precompiled user dll's ...
Registered in 0.001625 seconds.
Begin MonoManager ReloadAssembly
Native extension for WindowsStandalone target not found
Native extension for WebGL target not found
Refreshing native plugins compatible for Editor in 0.35 ms, found 0 plugins.
Preloading 0 native plugins for Editor in 0.00 ms.
Mono: successfully reloaded assembly
- Completed reload, in  0.897 seconds
Platform modules already initialized, skipping
Shader 'Universal Render Pipeline/Particles/Lit': fallback shader 'Universal Render Pipeline/Particles/SimpleLit' not found
Refreshing native plugins compatible for Editor in 0.36 ms, found 0 plugins.
Preloading 0 native plugins for Editor in 0.00 ms.
Unloading 2314 Unused Serialized files (Serialized files now loaded: 0)
System memory in use before: 107.5 MB.
System memory in use after: 107.7 MB.

Unloading 5 unused Assets to reduce memory usage. Loaded Objects now: 2885.
Total: 2.190300 ms (FindLiveObjects: 0.275900 ms CreateObjectMapping: 0.134600 ms MarkObjects: 1.764800 ms  DeleteObjects: 0.014200 ms)

========================================================================
Received Import Request.
  Time since last request: 31.457413 seconds.
  path: Assets/Scripts/GameManager.cs
  artifactKey: Guid(86f6bf4926071f14eab7c23163b7dca5) Importer(815301076,1909f56bfc062723c751e8b465ee728b)
Start importing Assets/Scripts/GameManager.cs using Guid(86f6bf4926071f14eab7c23163b7dca5) Importer(815301076,1909f56bfc062723c751e8b465ee728b)  -> (artifact id: '8d8941c5c0cc71ac9de9c6776633382b') in 0.005599 seconds
  Import took 0.009040 seconds .

========================================================================
Received Prepare
Registering precompiled user dll's ...
Registered in 0.000943 seconds.
Begin MonoManager ReloadAssembly
Native extension for WindowsStandalone target not found
Native extension for WebGL target not found
Refreshing native plugins compatible for Editor in 0.35 ms, found 0 plugins.
Preloading 0 native plugins for Editor in 0.00 ms.
Mono: successfully reloaded assembly
- Completed reload, in  0.822 seconds
Platform modules already initialized, skipping
Shader 'Universal Render Pipeline/Particles/Lit': fallback shader 'Universal Render Pipeline/Particles/SimpleLit' not found
Refreshing native plugins compatible for Editor in 0.36 ms, found 0 plugins.
Preloading 0 native plugins for Editor in 0.00 ms.
Unloading 2314 Unused Serialized files (Serialized files now loaded: 0)
System memory in use before: 107.5 MB.
System memory in use after: 107.7 MB.

Unloading 5 unused Assets to reduce memory usage. Loaded Objects now: 2888.
Total: 1.941700 ms (FindLiveObjects: 0.250900 ms CreateObjectMapping: 0.121000 ms MarkObjects: 1.555600 ms  DeleteObjects: 0.013200 ms)

========================================================================
Received Prepare
Registering precompiled user dll's ...
Registered in 0.001525 seconds.
Begin MonoManager ReloadAssembly
Native extension for WindowsStandalone target not found
Native extension for WebGL target not found
Refreshing native plugins compatible for Editor in 0.36 ms, found 0 plugins.
Preloading 0 native plugins for Editor in 0.00 ms.
Mono: successfully reloaded assembly
- Completed reload, in  0.832 seconds
Platform modules already initialized, skipping
Shader 'Universal Render Pipeline/Particles/Lit': fallback shader 'Universal Render Pipeline/Particles/SimpleLit' not found
Refreshing native plugins compatible for Editor in 0.34 ms, found 0 plugins.
Preloading 0 native plugins for Editor in 0.00 ms.
Unloading 2314 Unused Serialized files (Serialized files now loaded: 0)
System memory in use before: 107.5 MB.
System memory in use after: 107.7 MB.

Unloading 5 unused Assets to reduce memory usage. Loaded Objects now: 2891.
Total: 3.031300 ms (FindLiveObjects: 0.673800 ms CreateObjectMapping: 0.272200 ms MarkObjects: 2.028300 ms  DeleteObjects: 0.032900 ms)

========================================================================
Received Import Request.
  Time since last request: 84.062332 seconds.
  path: Assets/Scripts/GameManager.cs
  artifactKey: Guid(86f6bf4926071f14eab7c23163b7dca5) Importer(815301076,1909f56bfc062723c751e8b465ee728b)
Start importing Assets/Scripts/GameManager.cs using Guid(86f6bf4926071f14eab7c23163b7dca5) Importer(815301076,1909f56bfc062723c751e8b465ee728b)  -> (artifact id: 'f024a4b779249199ff898992e0665b49') in 0.008294 seconds
  Import took 0.013437 seconds .

========================================================================
Received Import Request.
  Time since last request: 0.003587 seconds.
  path: Assets/Scripts/GameManager.cs
  artifactKey: Guid(86f6bf4926071f14eab7c23163b7dca5) Importer(815301076,1909f56bfc062723c751e8b465ee728b)
Start importing Assets/Scripts/GameManager.cs using Guid(86f6bf4926071f14eab7c23163b7dca5) Importer(815301076,1909f56bfc062723c751e8b465ee728b)  -> (artifact id: 'f024a4b779249199ff898992e0665b49') in 0.003798 seconds
  Import took 0.007777 seconds .

========================================================================
Received Prepare
Registering precompiled user dll's ...
Registered in 0.000942 seconds.
Begin MonoManager ReloadAssembly
Native extension for WindowsStandalone target not found
Native extension for WebGL target not found
Refreshing native plugins compatible for Editor in 0.34 ms, found 0 plugins.
Preloading 0 native plugins for Editor in 0.00 ms.
Mono: successfully reloaded assembly
- Completed reload, in  0.793 seconds
Platform modules already initialized, skipping
Shader 'Universal Render Pipeline/Particles/Lit': fallback shader 'Universal Render Pipeline/Particles/SimpleLit' not found
Refreshing native plugins compatible for Editor in 0.36 ms, found 0 plugins.
Preloading 0 native plugins for Editor in 0.00 ms.
Unloading 2314 Unused Serialized files (Serialized files now loaded: 0)
System memory in use before: 107.4 MB.
System memory in use after: 107.6 MB.

Unloading 5 unused Assets to reduce memory usage. Loaded Objects now: 2894.
Total: 2.481100 ms (FindLiveObjects: 0.395100 ms CreateObjectMapping: 0.223500 ms MarkObjects: 1.846700 ms  DeleteObjects: 0.014600 ms)

========================================================================
Received Prepare
Registering precompiled user dll's ...
Registered in 0.000984 seconds.
Begin MonoManager ReloadAssembly
Native extension for WindowsStandalone target not found
Native extension for WebGL target not found
Refreshing native plugins compatible for Editor in 0.38 ms, found 0 plugins.
Preloading 0 native plugins for Editor in 0.00 ms.
Mono: successfully reloaded assembly
- Completed reload, in  0.832 seconds
Platform modules already initialized, skipping
Shader 'Universal Render Pipeline/Particles/Lit': fallback shader 'Universal Render Pipeline/Particles/SimpleLit' not found
Refreshing native plugins compatible for Editor in 0.37 ms, found 0 plugins.
Preloading 0 native plugins for Editor in 0.00 ms.
Unloading 2314 Unused Serialized files (Serialized files now loaded: 0)
System memory in use before: 107.5 MB.
System memory in use after: 107.7 MB.

Unloading 5 unused Assets to reduce memory usage. Loaded Objects now: 2897.
Total: 2.277300 ms (FindLiveObjects: 0.327000 ms CreateObjectMapping: 0.133200 ms MarkObjects: 1.799900 ms  DeleteObjects: 0.015900 ms)

========================================================================
Received Import Request.
  Time since last request: 283.065356 seconds.
  path: Assets/Materials/Brick.mat
  artifactKey: Guid(5ece0b49f1ea03d41b4d2d9863527d99) Importer(815301076,1909f56bfc062723c751e8b465ee728b)
Start importing Assets/Materials/Brick.mat using Guid(5ece0b49f1ea03d41b4d2d9863527d99) Importer(815301076,1909f56bfc062723c751e8b465ee728b)  -> (artifact id: 'eba70bbdfe10b8d5c68573766101952c') in 0.214470 seconds
  Import took 0.218984 seconds .

========================================================================
Received Import Request.
  Time since last request: 0.000263 seconds.
  path: Assets/Materials/DeathZone.mat
  artifactKey: Guid(b171e0a86dd2cfb4d92092061cb1d5f1) Importer(815301076,1909f56bfc062723c751e8b465ee728b)
Start importing Assets/Materials/DeathZone.mat using Guid(b171e0a86dd2cfb4d92092061cb1d5f1) Importer(815301076,1909f56bfc062723c751e8b465ee728b)  -> (artifact id: 'b5883ccdfd7368b02285969441741727') in 0.014707 seconds
  Import took 0.018208 seconds .

========================================================================
Received Import Request.
  Time since last request: 0.000325 seconds.
  path: Assets/Materials/Brick.mat
  artifactKey: Guid(5ece0b49f1ea03d41b4d2d9863527d99) Importer(815301076,1909f56bfc062723c751e8b465ee728b)
Start importing Assets/Materials/Brick.mat using Guid(5ece0b49f1ea03d41b4d2d9863527d99) Importer(815301076,1909f56bfc062723c751e8b465ee728b)  -> (artifact id: 'eba70bbdfe10b8d5c68573766101952c') in 0.017169 seconds
  Import took 0.020579 seconds .

========================================================================
Received Import Request.
  Time since last request: 0.000296 seconds.
  path: Assets/Prefabs/BrickPrefab.prefab
  artifactKey: Guid(63f25b9733d2bcd4fa2ff6de1264c739) Importer(815301076,1909f56bfc062723c751e8b465ee728b)
Start importing Assets/Prefabs/BrickPrefab.prefab using Guid(63f25b9733d2bcd4fa2ff6de1264c739) Importer(815301076,1909f56bfc062723c751e8b465ee728b)  -> (artifact id: 'f53dab379eca8989fd20ba0207039392') in 0.048501 seconds
  Import took 0.052437 seconds .

========================================================================
Received Import Request.
  Time since last request: 0.000216 seconds.
  path: Assets/Settings/ForwardRenderer.asset
  artifactKey: Guid(4a8e21d5c33334b11b34a596161b9360) Importer(815301076,1909f56bfc062723c751e8b465ee728b)
Start importing Assets/Settings/ForwardRenderer.asset using Guid(4a8e21d5c33334b11b34a596161b9360) Importer(815301076,1909f56bfc062723c751e8b465ee728b)  -> (artifact id: '5a410613ed6b514a1584df84a08e1d92') in 0.009889 seconds
  Import took 0.013712 seconds .

========================================================================
Received Import Request.
  Time since last request: 0.000204 seconds.
  path: Assets/Prefabs/BrickPrefab.prefab
  artifactKey: Guid(63f25b9733d2bcd4fa2ff6de1264c739) Importer(815301076,1909f56bfc062723c751e8b465ee728b)
Start importing Assets/Prefabs/BrickPrefab.prefab using Guid(63f25b9733d2bcd4fa2ff6de1264c739) Importer(815301076,1909f56bfc062723c751e8b465ee728b)  -> (artifact id: 'f53dab379eca8989fd20ba0207039392') in 0.007862 seconds
  Import took 0.010997 seconds .

========================================================================
Received Import Request.
  Time since last request: 0.006987 seconds.
  path: Assets/Settings/ForwardRenderer.asset
  artifactKey: Guid(4a8e21d5c33334b11b34a596161b9360) Importer(815301076,1909f56bfc062723c751e8b465ee728b)
Start importing Assets/Settings/ForwardRenderer.asset using Guid(4a8e21d5c33334b11b34a596161b9360) Importer(815301076,1909f56bfc062723c751e8b465ee728b)  -> (artifact id: '5a410613ed6b514a1584df84a08e1d92') in 0.003741 seconds
  Import took 0.008132 seconds .

========================================================================
Received Prepare
Registering precompiled user dll's ...
Registered in 0.000929 seconds.
Begin MonoManager ReloadAssembly
Native extension for WindowsStandalone target not found
Native extension for WebGL target not found
Refreshing native plugins compatible for Editor in 0.64 ms, found 0 plugins.
Preloading 0 native plugins for Editor in 0.00 ms.
Mono: successfully reloaded assembly
- Completed reload, in  0.846 seconds
Platform modules already initialized, skipping
Shader 'Universal Render Pipeline/Particles/Lit': fallback shader 'Universal Render Pipeline/Particles/SimpleLit' not found
Refreshing native plugins compatible for Editor in 0.35 ms, found 0 plugins.
Preloading 0 native plugins for Editor in 0.00 ms.
Unloading 2314 Unused Serialized files (Serialized files now loaded: 0)
System memory in use before: 113.0 MB.
System memory in use after: 113.2 MB.

Unloading 5 unused Assets to reduce memory usage. Loaded Objects now: 2979.
Total: 2.806900 ms (FindLiveObjects: 0.341900 ms CreateObjectMapping: 0.126700 ms MarkObjects: 2.302600 ms  DeleteObjects: 0.034300 ms)

========================================================================
Received Prepare
Registering precompiled user dll's ...
Registered in 0.000878 seconds.
Begin MonoManager ReloadAssembly
Native extension for WindowsStandalone target not found
Native extension for WebGL target not found
Refreshing native plugins compatible for Editor in 0.36 ms, found 0 plugins.
Preloading 0 native plugins for Editor in 0.00 ms.
Mono: successfully reloaded assembly
- Completed reload, in  0.859 seconds
Platform modules already initialized, skipping
Shader 'Universal Render Pipeline/Particles/Lit': fallback shader 'Universal Render Pipeline/Particles/SimpleLit' not found
Refreshing native plugins compatible for Editor in 0.34 ms, found 0 plugins.
Preloading 0 native plugins for Editor in 0.00 ms.
Unloading 2314 Unused Serialized files (Serialized files now loaded: 0)
System memory in use before: 113.0 MB.
System memory in use after: 113.2 MB.

Unloading 5 unused Assets to reduce memory usage. Loaded Objects now: 2982.
Total: 1.956100 ms (FindLiveObjects: 0.286500 ms CreateObjectMapping: 0.100600 ms MarkObjects: 1.551500 ms  DeleteObjects: 0.016700 ms)

========================================================================
Received Prepare
Registering precompiled user dll's ...
Registered in 0.001000 seconds.
Begin MonoManager ReloadAssembly
Native extension for WindowsStandalone target not found
Native extension for WebGL target not found
Refreshing native plugins compatible for Editor in 0.37 ms, found 0 plugins.
Preloading 0 native plugins for Editor in 0.00 ms.
Mono: successfully reloaded assembly
- Completed reload, in  0.831 seconds
Platform modules already initialized, skipping
Shader 'Universal Render Pipeline/Particles/Lit': fallback shader 'Universal Render Pipeline/Particles/SimpleLit' not found
Refreshing native plugins compatible for Editor in 0.35 ms, found 0 plugins.
Preloading 0 native plugins for Editor in 0.00 ms.
Unloading 2314 Unused Serialized files (Serialized files now loaded: 0)
System memory in use before: 113.0 MB.
System memory in use after: 113.2 MB.

Unloading 5 unused Assets to reduce memory usage. Loaded Objects now: 2985.
Total: 2.373400 ms (FindLiveObjects: 0.328800 ms CreateObjectMapping: 0.127600 ms MarkObjects: 1.902600 ms  DeleteObjects: 0.013500 ms)

========================================================================
Received Prepare
Registering precompiled user dll's ...
Registered in 0.000931 seconds.
Begin MonoManager ReloadAssembly
Native extension for WindowsStandalone target not found
Native extension for WebGL target not found
Refreshing native plugins compatible for Editor in 0.36 ms, found 0 plugins.
Preloading 0 native plugins for Editor in 0.00 ms.
Mono: successfully reloaded assembly
- Completed reload, in  0.812 seconds
Platform modules already initialized, skipping
Shader 'Universal Render Pipeline/Particles/Lit': fallback shader 'Universal Render Pipeline/Particles/SimpleLit' not found
Refreshing native plugins compatible for Editor in 0.34 ms, found 0 plugins.
Preloading 0 native plugins for Editor in 0.00 ms.
Unloading 2314 Unused Serialized files (Serialized files now loaded: 0)
System memory in use before: 112.9 MB.
System memory in use after: 113.1 MB.

Unloading 5 unused Assets to reduce memory usage. Loaded Objects now: 2988.
Total: 2.953700 ms (FindLiveObjects: 0.416900 ms CreateObjectMapping: 0.246800 ms MarkObjects: 2.270600 ms  DeleteObjects: 0.018000 ms)

========================================================================
Received Prepare
Registering precompiled user dll's ...
Registered in 0.000964 seconds.
Begin MonoManager ReloadAssembly
Native extension for WindowsStandalone target not found
Native extension for WebGL target not found
Refreshing native plugins compatible for Editor in 0.37 ms, found 0 plugins.
Preloading 0 native plugins for Editor in 0.00 ms.
Mono: successfully reloaded assembly
- Completed reload, in  0.853 seconds
Platform modules already initialized, skipping
Shader 'Universal Render Pipeline/Particles/Lit': fallback shader 'Universal Render Pipeline/Particles/SimpleLit' not found
Refreshing native plugins compatible for Editor in 0.35 ms, found 0 plugins.
Preloading 0 native plugins for Editor in 0.00 ms.
Unloading 2314 Unused Serialized files (Serialized files now loaded: 0)
System memory in use before: 113.0 MB.
System memory in use after: 113.2 MB.

Unloading 5 unused Assets to reduce memory usage. Loaded Objects now: 2991.
Total: 2.210500 ms (FindLiveObjects: 0.279000 ms CreateObjectMapping: 0.158000 ms MarkObjects: 1.751200 ms  DeleteObjects: 0.021300 ms)

========================================================================
Received Prepare
Registering precompiled user dll's ...
Registered in 0.001003 seconds.
Begin MonoManager ReloadAssembly
Native extension for WindowsStandalone target not found
Native extension for WebGL target not found
Refreshing native plugins compatible for Editor in 0.37 ms, found 0 plugins.
Preloading 0 native plugins for Editor in 0.00 ms.
Mono: successfully reloaded assembly
- Completed reload, in  0.840 seconds
Platform modules already initialized, skipping
Shader 'Universal Render Pipeline/Particles/Lit': fallback shader 'Universal Render Pipeline/Particles/SimpleLit' not found
Refreshing native plugins compatible for Editor in 0.41 ms, found 0 plugins.
Preloading 0 native plugins for Editor in 0.00 ms.
Unloading 2314 Unused Serialized files (Serialized files now loaded: 0)
System memory in use before: 113.0 MB.
System memory in use after: 113.2 MB.

Unloading 5 unused Assets to reduce memory usage. Loaded Objects now: 2994.
Total: 2.975900 ms (FindLiveObjects: 0.404000 ms CreateObjectMapping: 0.126600 ms MarkObjects: 2.400200 ms  DeleteObjects: 0.044200 ms)

========================================================================
Received Prepare
Registering precompiled user dll's ...
Registered in 0.000941 seconds.
Begin MonoManager ReloadAssembly
Native extension for WindowsStandalone target not found
Native extension for WebGL target not found
Refreshing native plugins compatible for Editor in 0.38 ms, found 0 plugins.
Preloading 0 native plugins for Editor in 0.00 ms.
Mono: successfully reloaded assembly
- Completed reload, in  0.849 seconds
Platform modules already initialized, skipping
Shader 'Universal Render Pipeline/Particles/Lit': fallback shader 'Universal Render Pipeline/Particles/SimpleLit' not found
Refreshing native plugins compatible for Editor in 0.35 ms, found 0 plugins.
Preloading 0 native plugins for Editor in 0.00 ms.
Unloading 2314 Unused Serialized files (Serialized files now loaded: 0)
System memory in use before: 113.0 MB.
System memory in use after: 113.2 MB.

Unloading 5 unused Assets to reduce memory usage. Loaded Objects now: 2997.
Total: 2.117300 ms (FindLiveObjects: 0.316200 ms CreateObjectMapping: 0.108500 ms MarkObjects: 1.675500 ms  DeleteObjects: 0.016100 ms)

========================================================================
Received Prepare
Registering precompiled user dll's ...
Registered in 0.001003 seconds.
Begin MonoManager ReloadAssembly
Native extension for WindowsStandalone target not found
Native extension for WebGL target not found
Refreshing native plugins compatible for Editor in 0.44 ms, found 0 plugins.
Preloading 0 native plugins for Editor in 0.00 ms.
Mono: successfully reloaded assembly
- Completed reload, in  0.897 seconds
Platform modules already initialized, skipping
Shader 'Universal Render Pipeline/Particles/Lit': fallback shader 'Universal Render Pipeline/Particles/SimpleLit' not found
Refreshing native plugins compatible for Editor in 0.61 ms, found 0 plugins.
Preloading 0 native plugins for Editor in 0.00 ms.
Unloading 2314 Unused Serialized files (Serialized files now loaded: 0)
System memory in use before: 113.0 MB.
System memory in use after: 113.2 MB.

Unloading 5 unused Assets to reduce memory usage. Loaded Objects now: 3000.
Total: 2.331900 ms (FindLiveObjects: 0.331900 ms CreateObjectMapping: 0.132500 ms MarkObjects: 1.849500 ms  DeleteObjects: 0.016300 ms)

========================================================================
Received Prepare
Registering precompiled user dll's ...
Registered in 0.000949 seconds.
Begin MonoManager ReloadAssembly
Native extension for WindowsStandalone target not found
Native extension for WebGL target not found
Refreshing native plugins compatible for Editor in 0.36 ms, found 0 plugins.
Preloading 0 native plugins for Editor in 0.00 ms.
Mono: successfully reloaded assembly
- Completed reload, in  0.810 seconds
Platform modules already initialized, skipping
Shader 'Universal Render Pipeline/Particles/Lit': fallback shader 'Universal Render Pipeline/Particles/SimpleLit' not found
Refreshing native plugins compatible for Editor in 0.36 ms, found 0 plugins.
Preloading 0 native plugins for Editor in 0.00 ms.
Unloading 2314 Unused Serialized files (Serialized files now loaded: 0)
System memory in use before: 112.9 MB.
System memory in use after: 113.2 MB.

Unloading 5 unused Assets to reduce memory usage. Loaded Objects now: 3003.
Total: 2.114700 ms (FindLiveObjects: 0.276100 ms CreateObjectMapping: 0.113800 ms MarkObjects: 1.708300 ms  DeleteObjects: 0.015400 ms)

========================================================================
Received Prepare
Registering precompiled user dll's ...
Registered in 0.001000 seconds.
Begin MonoManager ReloadAssembly
Native extension for WindowsStandalone target not found
Native extension for WebGL target not found
Refreshing native plugins compatible for Editor in 0.37 ms, found 0 plugins.
Preloading 0 native plugins for Editor in 0.00 ms.
Mono: successfully reloaded assembly
- Completed reload, in  0.804 seconds
Platform modules already initialized, skipping
Shader 'Universal Render Pipeline/Particles/Lit': fallback shader 'Universal Render Pipeline/Particles/SimpleLit' not found
Refreshing native plugins compatible for Editor in 0.36 ms, found 0 plugins.
Preloading 0 native plugins for Editor in 0.00 ms.
Unloading 2314 Unused Serialized files (Serialized files now loaded: 0)
System memory in use before: 113.0 MB.
System memory in use after: 113.3 MB.

Unloading 5 unused Assets to reduce memory usage. Loaded Objects now: 3006.
Total: 2.769600 ms (FindLiveObjects: 0.438300 ms CreateObjectMapping: 0.155000 ms MarkObjects: 2.159700 ms  DeleteObjects: 0.015600 ms)

========================================================================
Received Prepare
Registering precompiled user dll's ...
Registered in 0.000968 seconds.
Begin MonoManager ReloadAssembly
Native extension for WindowsStandalone target not found
Native extension for WebGL target not found
Refreshing native plugins compatible for Editor in 0.37 ms, found 0 plugins.
Preloading 0 native plugins for Editor in 0.00 ms.
Mono: successfully reloaded assembly
- Completed reload, in  0.805 seconds
Platform modules already initialized, skipping
Shader 'Universal Render Pipeline/Particles/Lit': fallback shader 'Universal Render Pipeline/Particles/SimpleLit' not found
Refreshing native plugins compatible for Editor in 0.37 ms, found 0 plugins.
Preloading 0 native plugins for Editor in 0.00 ms.
Unloading 2314 Unused Serialized files (Serialized files now loaded: 0)
System memory in use before: 113.0 MB.
System memory in use after: 113.3 MB.

Unloading 5 unused Assets to reduce memory usage. Loaded Objects now: 3009.
Total: 2.096800 ms (FindLiveObjects: 0.228300 ms CreateObjectMapping: 0.108300 ms MarkObjects: 1.745900 ms  DeleteObjects: 0.013200 ms)

========================================================================
Received Prepare
Registering precompiled user dll's ...
Registered in 0.000988 seconds.
Begin MonoManager ReloadAssembly
Native extension for WindowsStandalone target not found
Native extension for WebGL target not found
Refreshing native plugins compatible for Editor in 0.35 ms, found 0 plugins.
Preloading 0 native plugins for Editor in 0.00 ms.
Mono: successfully reloaded assembly
- Completed reload, in  0.796 seconds
Platform modules already initialized, skipping
Shader 'Universal Render Pipeline/Particles/Lit': fallback shader 'Universal Render Pipeline/Particles/SimpleLit' not found
Refreshing native plugins compatible for Editor in 0.35 ms, found 0 plugins.
Preloading 0 native plugins for Editor in 0.00 ms.
Unloading 2314 Unused Serialized files (Serialized files now loaded: 0)
System memory in use before: 113.0 MB.
System memory in use after: 113.3 MB.

Unloading 5 unused Assets to reduce memory usage. Loaded Objects now: 3012.
Total: 1.951300 ms (FindLiveObjects: 0.264500 ms CreateObjectMapping: 0.110000 ms MarkObjects: 1.560900 ms  DeleteObjects: 0.015300 ms)

========================================================================
Received Prepare
Registering precompiled user dll's ...
Registered in 0.000923 seconds.
Begin MonoManager ReloadAssembly
Native extension for WindowsStandalone target not found
Native extension for WebGL target not found
Refreshing native plugins compatible for Editor in 0.38 ms, found 0 plugins.
Preloading 0 native plugins for Editor in 0.00 ms.
Mono: successfully reloaded assembly
- Completed reload, in  0.801 seconds
Platform modules already initialized, skipping
Shader 'Universal Render Pipeline/Particles/Lit': fallback shader 'Universal Render Pipeline/Particles/SimpleLit' not found
Refreshing native plugins compatible for Editor in 0.34 ms, found 0 plugins.
Preloading 0 native plugins for Editor in 0.00 ms.
Unloading 2314 Unused Serialized files (Serialized files now loaded: 0)
System memory in use before: 113.1 MB.
System memory in use after: 113.3 MB.

Unloading 5 unused Assets to reduce memory usage. Loaded Objects now: 3015.
Total: 2.454200 ms (FindLiveObjects: 0.505900 ms CreateObjectMapping: 0.116300 ms MarkObjects: 1.813900 ms  DeleteObjects: 0.017300 ms)

========================================================================
Received Prepare
Registering precompiled user dll's ...
Registered in 0.000922 seconds.
Begin MonoManager ReloadAssembly
Native extension for WindowsStandalone target not found
Native extension for WebGL target not found
Refreshing native plugins compatible for Editor in 0.41 ms, found 0 plugins.
Preloading 0 native plugins for Editor in 0.00 ms.
Mono: successfully reloaded assembly
- Completed reload, in  0.808 seconds
Platform modules already initialized, skipping
Shader 'Universal Render Pipeline/Particles/Lit': fallback shader 'Universal Render Pipeline/Particles/SimpleLit' not found
Refreshing native plugins compatible for Editor in 0.35 ms, found 0 plugins.
Preloading 0 native plugins for Editor in 0.00 ms.
Unloading 2314 Unused Serialized files (Serialized files now loaded: 0)
System memory in use before: 113.0 MB.
System memory in use after: 113.2 MB.

Unloading 5 unused Assets to reduce memory usage. Loaded Objects now: 3018.
Total: 2.103300 ms (FindLiveObjects: 0.245400 ms CreateObjectMapping: 0.114600 ms MarkObjects: 1.724900 ms  DeleteObjects: 0.017000 ms)

========================================================================
Received Import Request.
  Time since last request: 889.226722 seconds.
  path: Assets/Scenes/menu.unity
  artifactKey: Guid(5de3c8b75d8e65d4992d9e43cad4b489) Importer(815301076,1909f56bfc062723c751e8b465ee728b)
Start importing Assets/Scenes/menu.unity using Guid(5de3c8b75d8e65d4992d9e43cad4b489) Importer(815301076,1909f56bfc062723c751e8b465ee728b)  -> (artifact id: '112776a9d2322a6aa65a6e15f763ca57') in 0.011558 seconds
  Import took 0.015425 seconds .

========================================================================
Received Prepare
Registering precompiled user dll's ...
Registered in 0.001187 seconds.
Begin MonoManager ReloadAssembly
Native extension for WindowsStandalone target not found
Native extension for WebGL target not found
Refreshing native plugins compatible for Editor in 0.38 ms, found 0 plugins.
Preloading 0 native plugins for Editor in 0.00 ms.
Mono: successfully reloaded assembly
- Completed reload, in  0.900 seconds
Platform modules already initialized, skipping
Shader 'Universal Render Pipeline/Particles/Lit': fallback shader 'Universal Render Pipeline/Particles/SimpleLit' not found
Refreshing native plugins compatible for Editor in 0.37 ms, found 0 plugins.
Preloading 0 native plugins for Editor in 0.00 ms.
Unloading 2314 Unused Serialized files (Serialized files now loaded: 0)
System memory in use before: 113.1 MB.
System memory in use after: 113.3 MB.

Unloading 5 unused Assets to reduce memory usage. Loaded Objects now: 3021.
Total: 2.702300 ms (FindLiveObjects: 0.296100 ms CreateObjectMapping: 0.136900 ms MarkObjects: 2.249900 ms  DeleteObjects: 0.018400 ms)

========================================================================
Received Prepare
Registering precompiled user dll's ...
Registered in 0.001066 seconds.
Begin MonoManager ReloadAssembly
Native extension for WindowsStandalone target not found
Native extension for WebGL target not found
Refreshing native plugins compatible for Editor in 0.40 ms, found 0 plugins.
Preloading 0 native plugins for Editor in 0.00 ms.
Mono: successfully reloaded assembly
- Completed reload, in  0.939 seconds
Platform modules already initialized, skipping
Shader 'Universal Render Pipeline/Particles/Lit': fallback shader 'Universal Render Pipeline/Particles/SimpleLit' not found
Refreshing native plugins compatible for Editor in 0.41 ms, found 0 plugins.
Preloading 0 native plugins for Editor in 0.00 ms.
Unloading 2314 Unused Serialized files (Serialized files now loaded: 0)
System memory in use before: 113.1 MB.
System memory in use after: 113.3 MB.

Unloading 5 unused Assets to reduce memory usage. Loaded Objects now: 3024.
Total: 2.195400 ms (FindLiveObjects: 0.285200 ms CreateObjectMapping: 0.127500 ms MarkObjects: 1.764900 ms  DeleteObjects: 0.016400 ms)

========================================================================
Received Prepare
Registering precompiled user dll's ...
Registered in 0.001207 seconds.
Begin MonoManager ReloadAssembly
Native extension for WindowsStandalone target not found
Native extension for WebGL target not found
Refreshing native plugins compatible for Editor in 0.43 ms, found 0 plugins.
Preloading 0 native plugins for Editor in 0.00 ms.
Mono: successfully reloaded assembly
- Completed reload, in  0.927 seconds
Platform modules already initialized, skipping
Shader 'Universal Render Pipeline/Particles/Lit': fallback shader 'Universal Render Pipeline/Particles/SimpleLit' not found
Refreshing native plugins compatible for Editor in 0.39 ms, found 0 plugins.
Preloading 0 native plugins for Editor in 0.00 ms.
Unloading 2314 Unused Serialized files (Serialized files now loaded: 0)
System memory in use before: 113.1 MB.
System memory in use after: 113.3 MB.

Unloading 5 unused Assets to reduce memory usage. Loaded Objects now: 3027.
Total: 2.799200 ms (FindLiveObjects: 0.418900 ms CreateObjectMapping: 0.177700 ms MarkObjects: 2.181200 ms  DeleteObjects: 0.020300 ms)

========================================================================
Received Prepare
Registering precompiled user dll's ...
Registered in 0.001081 seconds.
Begin MonoManager ReloadAssembly
Native extension for WindowsStandalone target not found
Native extension for WebGL target not found
Refreshing native plugins compatible for Editor in 0.41 ms, found 0 plugins.
Preloading 0 native plugins for Editor in 0.00 ms.
Mono: successfully reloaded assembly
- Completed reload, in  1.040 seconds
Platform modules already initialized, skipping
Shader 'Universal Render Pipeline/Particles/Lit': fallback shader 'Universal Render Pipeline/Particles/SimpleLit' not found
Refreshing native plugins compatible for Editor in 0.42 ms, found 0 plugins.
Preloading 0 native plugins for Editor in 0.00 ms.
Unloading 2314 Unused Serialized files (Serialized files now loaded: 0)
System memory in use before: 113.1 MB.
System memory in use after: 113.3 MB.

Unloading 5 unused Assets to reduce memory usage. Loaded Objects now: 3030.
Total: 2.767900 ms (FindLiveObjects: 0.541000 ms CreateObjectMapping: 0.178100 ms MarkObjects: 2.033500 ms  DeleteObjects: 0.014500 ms)

